<?xml version="1.0" encoding="UTF-8"?>
<!-- Generated by org.testng.reporters.JUnitReportReporter -->
<testsuite skipped="0" hostname="LAPTOP-18R30RO2" name="TestNG1.Admintest" tests="1" failures="0" timestamp="26 Jul 2022 05:59:39 GMT" time="5.849" errors="0">
  <testcase name="logintest" time="5.849" classname="TestNG1.Admintest"/>
</testsuite> <!-- TestNG1.Admintest -->
