<?xml version="1.0" encoding="UTF-8"?>
<!-- Generated by org.testng.reporters.JUnitReportReporter -->
<testsuite skipped="0" hostname="LAPTOP-18R30RO2" name="TestNG1.Parametersclass" tests="1" failures="0" timestamp="27 Jun 2022 07:05:06 GMT" time="5.769" errors="0">
  <testcase name="swhizzadmin" time="5.769" classname="TestNG1.Parametersclass"/>
</testsuite> <!-- TestNG1.Parametersclass -->
